<?xml version="1.0" ?>
<coverage version="7.13.5" timestamp="1775787489704" lines-valid="10" lines-covered="0" line-rate="0" branches-covered="0" branches-valid="0" branch-rate="0" complexity="0">
	<!-- Generated by coverage.py: https://coverage.readthedocs.io/en/7.13.5 -->
	<!-- Based on https://raw.githubusercontent.com/cobertura/web/master/htdocs/xml/coverage-04.dtd -->
	<sources>
		<source>/mnt/d/Work/WorkSpace/Demos/k8s/containerSecurity/actions101/src</source>
	</sources>
	<packages>
		<package name="." line-rate="0" branch-rate="0" complexity="0">
			<classes>
				<class name="app.py" filename="app.py" complexity="0" line-rate="0" branch-rate="0">
					<methods/>
					<lines>
						<line number="1" hits="0"/>
						<line number="3" hits="0"/>
						<line number="5" hits="0"/>
						<line number="6" hits="0"/>
						<line number="7" hits="0"/>
						<line number="10" hits="0"/>
						<line number="11" hits="0"/>
						<line number="12" hits="0"/>
						<line number="14" hits="0"/>
						<line number="15" hits="0"/>
					</lines>
				</class>
			</classes>
		</package>
	</packages>
</coverage>
